RESULT: FAIL
=== COMMAND ===
bunx tsc --noEmit
=== RAW OUTPUT ===
examples/websocket/frontend.tsx(4,20): error TS2307: Cannot find module 'socket.io-client' or its corresponding type declarations.
examples/websocket/server.ts(2,24): error TS2307: Cannot find module 'socket.io' or its corresponding type declarations.
=== TOP MEANINGFUL ERROR LINES (up to 10) ===
1) examples/websocket/frontend.tsx(4,20): error TS2307: Cannot find module 'socket.io-client' or its corresponding type declarations.
2) examples/websocket/server.ts(2,24): error TS2307: Cannot find module 'socket.io' or its corresponding type declarations.
=== EXIT STATUS ===
2
=== CONCLUSION ===
FAIL - standalone TypeScript signal check detected compile-time errors (signal check only, no code fixes applied).
